<?xml version="1.0" encoding="UTF-8"?>
<!-- Generated by org.testng.reporters.JUnitReportReporter -->
<testsuite hostname="DESKTOP-VM15TK3" failures="0" tests="1" name="TestCases.CartCheckOutButton_Test" time="27.885" errors="0" timestamp="2024-06-16T21:55:45 GMT-04:00" skipped="0">
  <testcase classname="TestCases.CartCheckOutButton_Test" name="CheckOutButton" time="27.885">
    <system-out>
      <![CDATA[CheckOut2 URL:https://www.saucedemo.com/checkout-step-two.html]]>
    </system-out>
  </testcase> <!-- CheckOutButton -->
  <system-out>
    <![CDATA[CheckOut2 URL:https://www.saucedemo.com/checkout-step-two.html]]>
  </system-out>
</testsuite> <!-- TestCases.CartCheckOutButton_Test -->
