<?xml version="1.0" encoding="UTF-8"?>
<!-- Generated by org.testng.reporters.JUnitReportReporter -->
<testsuite hostname="DESKTOP-VM15TK3" failures="0" tests="3" name="TestCases.LoginPages_Test" time="29.898" errors="0" timestamp="2024-07-09T12:38:18 EDT" skipped="0">
  <testcase classname="TestCases.LoginPages_Test" name="SwagLabTitlePage" time="17.327">
    <system-out>
      <![CDATA[SwagLabTitlePage name is=Swag Labs]]>
    </system-out>
  </testcase> <!-- SwagLabTitlePage -->
  <testcase classname="TestCases.LoginPages_Test" name="SwagLabloginURL" time="5.558">
    <system-out>
      <![CDATA[Actual URL Is =https://www.saucedemo.com/]]>
    </system-out>
  </testcase> <!-- SwagLabloginURL -->
  <testcase classname="TestCases.LoginPages_Test" name="LoginToApplication" time="7.013">
    <system-out>
      <![CDATA[Application Is Login using Actual URL =https://www.saucedemo.com/inventory.html]]>
    </system-out>
  </testcase> <!-- LoginToApplication -->
  <system-out>
    <![CDATA[Application Is Login using Actual URL =https://www.saucedemo.com/inventory.html
SwagLabTitlePage name is=Swag Labs
Actual URL Is =https://www.saucedemo.com/]]>
  </system-out>
</testsuite> <!-- TestCases.LoginPages_Test -->
