<?xml version="1.0" encoding="UTF-8"?>
<!-- Generated by org.testng.reporters.JUnitReportReporter -->
<testsuite hostname="DESKTOP-VM15TK3" failures="0" tests="1" name="TestCases.Cart_Pages_Test" time="19.210" errors="0" timestamp="2024-06-16T21:57:21 GMT-04:00" skipped="0">
  <testcase classname="TestCases.Cart_Pages_Test" name="VerifyURL" time="19.210">
    <system-out>
      <![CDATA[Cart URL:https://www.saucedemo.com/cart.html]]>
    </system-out>
  </testcase> <!-- VerifyURL -->
  <system-out>
    <![CDATA[Cart URL:https://www.saucedemo.com/cart.html]]>
  </system-out>
</testsuite> <!-- TestCases.Cart_Pages_Test -->
