<?xml version="1.0" encoding="UTF-8"?>
<!-- Generated by org.testng.reporters.JUnitReportReporter -->
<testsuite hostname="DESKTOP-VM15TK3" failures="0" tests="2" name="TestCases.CheckOutPagePaymentInformationLabel_Test" time="47.345" errors="0" timestamp="2024-06-17T00:33:37 GMT-04:00" skipped="0">
  <testcase classname="TestCases.CheckOutPagePaymentInformationLabel_Test" name="PaymentInformationLabel" time="17.355">
    <system-out>
      <![CDATA[Payment Information:]]>
    </system-out>
  </testcase> <!-- PaymentInformationLabel -->
  <testcase classname="TestCases.CheckOutPagePaymentInformationLabel_Test" name="SauceCardLabel" time="29.990">
    <system-out>
      <![CDATA[SauceCard #31337]]>
    </system-out>
  </testcase> <!-- SauceCardLabel -->
  <system-out>
    <![CDATA[Payment Information:
SauceCard #31337]]>
  </system-out>
</testsuite> <!-- TestCases.CheckOutPagePaymentInformationLabel_Test -->
