<?xml version="1.0" encoding="UTF-8"?>
<!-- Generated by org.testng.reporters.JUnitReportReporter -->
<testsuite hostname="DESKTOP-VM15TK3" failures="0" tests="1" name="Login.OrangeHrm" time="14.597" errors="0" timestamp="2024-06-06T22:46:38 GMT-04:00" skipped="0">
  <testcase classname="Login.OrangeHrm" name="setup" time="14.597"/>
</testsuite> <!-- Login.OrangeHrm -->
